2022-03-31 13:45:13 -  - exec CUpdateClient::GetUpdatesList
2022-03-31 13:45:13 -  - exec CUpdateClient::CollectRequestData
2022-03-31 13:45:14 -  - LICENSE_KEY=X&lang=ru&SUPD_VER=20.600.1&VERSION=21.400.100&TYPENC=D&SUPD_STS=1&SUPD_URS=0&SUPD_DBS=MYSQL&XE=N&CLIENT_SITE=kitchen.local&CHHB=kitchen.local&CSAB=127.0.0.1&SUID=16db102ddc4f46c9c2d9f6805abade50&CANGZIP=Y&CLIENT_PHPVER=7.3.33&stable=Y&mbfo=0&NGINX=Y&SMD=N&rerere=Y&bitm_main=21.400.100&bitm_b24connector=21.0.0&bitm_bitrixcloud=21.0.0&bitm_blog=21.200.0&bitm_clouds=21.100.0&bitm_fileman=21.200.0&bitm_form=21.0.0&bitm_forum=21.100.0&bitm_highloadblock=21.100.0&bitm_iblock=21.400.100&bitm_landing=21.300.300&bitm_messageservice=21.100.0&bitm_mobileapp=21.0.50&bitm_perfmon=21.0.0&bitm_photogallery=21.0.0&bitm_rest=21.200.0&bitm_scale=21.0.0&bitm_search=21.0.100&bitm_security=21.0.0&bitm_seo=21.300.0&bitm_socialservices=21.100.0&bitm_subscribe=21.0.0&bitm_translate=21.100.0&bitm_ui=21.300.0&bitm_vote=21.0.0&bitl_en=&bitl_ru=&SUPD_SRS=RU&SUPD_CMP=N&SALE_15=Y&LICENSE_SIGNED=%7Enew_license18_0_sign-N
2022-03-31 13:45:14 -  - exec CUpdateClient::GetHTTPPage
2022-03-31 13:45:14 -  - TIME GetUpdatesList(request) 0.229 sec
2022-03-31 13:45:14 -  - exec CUpdateClient::ParseServerData
2022-03-31 13:45:27 -  - exec CUpdateClient::GetUpdatesList
2022-03-31 13:45:27 -  - exec CUpdateClient::CollectRequestData
2022-03-31 13:45:27 -  - LICENSE_KEY=X&lang=ru&SUPD_VER=20.600.1&VERSION=21.400.100&TYPENC=D&SUPD_STS=1&SUPD_URS=0&SUPD_DBS=MYSQL&XE=N&CLIENT_SITE=kitchen.local&CHHB=kitchen.local&CSAB=127.0.0.1&SUID=16db102ddc4f46c9c2d9f6805abade50&CANGZIP=Y&CLIENT_PHPVER=7.3.33&stable=Y&mbfo=0&NGINX=Y&SMD=N&rerere=Y&bitm_main=21.400.100&bitm_b24connector=21.0.0&bitm_bitrixcloud=21.0.0&bitm_blog=21.200.0&bitm_clouds=21.100.0&bitm_fileman=21.200.0&bitm_form=21.0.0&bitm_forum=21.100.0&bitm_highloadblock=21.100.0&bitm_iblock=21.400.100&bitm_landing=21.300.300&bitm_messageservice=21.100.0&bitm_mobileapp=21.0.50&bitm_perfmon=21.0.0&bitm_photogallery=21.0.0&bitm_rest=21.200.0&bitm_scale=21.0.0&bitm_search=21.0.100&bitm_security=21.0.0&bitm_seo=21.300.0&bitm_socialservices=21.100.0&bitm_subscribe=21.0.0&bitm_translate=21.100.0&bitm_ui=21.300.0&bitm_vote=21.0.0&bitl_en=&bitl_ru=&SUPD_SRS=RU&SUPD_CMP=N&SALE_15=Y&LICENSE_SIGNED=%7Enew_license18_0_sign-N
2022-03-31 13:45:27 -  - exec CUpdateClient::GetHTTPPage
2022-03-31 13:45:28 -  - TIME GetUpdatesList(request) 0.241 sec
2022-03-31 13:45:28 -  - exec CUpdateClient::ParseServerData
2022-03-31 13:45:36 -  - exec CUpdateClient::UpdateUpdate
2022-03-31 13:45:36 -  - exec CUpdateClient::CollectRequestData
2022-03-31 13:45:36 -  - LICENSE_KEY=X&lang=ru&SUPD_VER=20.600.1&VERSION=21.400.100&TYPENC=D&SUPD_STS=1&SUPD_URS=0&SUPD_DBS=MYSQL&XE=N&CLIENT_SITE=kitchen.local&CHHB=kitchen.local&CSAB=127.0.0.1&SUID=16db102ddc4f46c9c2d9f6805abade50&CANGZIP=Y&CLIENT_PHPVER=7.3.33&stable=Y&mbfo=0&NGINX=Y&SMD=N&rerere=Y&bitm_main=21.400.100&bitm_b24connector=21.0.0&bitm_bitrixcloud=21.0.0&bitm_blog=21.200.0&bitm_clouds=21.100.0&bitm_fileman=21.200.0&bitm_form=21.0.0&bitm_forum=21.100.0&bitm_highloadblock=21.100.0&bitm_iblock=21.400.100&bitm_landing=21.300.300&bitm_messageservice=21.100.0&bitm_mobileapp=21.0.50&bitm_perfmon=21.0.0&bitm_photogallery=21.0.0&bitm_rest=21.200.0&bitm_scale=21.0.0&bitm_search=21.0.100&bitm_security=21.0.0&bitm_seo=21.300.0&bitm_socialservices=21.100.0&bitm_subscribe=21.0.0&bitm_translate=21.100.0&bitm_ui=21.300.0&bitm_vote=21.0.0&bitl_en=&bitl_ru=&SUPD_SRS=RU&SUPD_CMP=N&SALE_15=Y&LICENSE_SIGNED=%7Enew_license18_0_sign-N&query_type=updateupdate
2022-03-31 13:45:36 -  - exec CUpdateClient::GetHTTPPage
2022-03-31 13:45:37 -  - TIME UpdateUpdate(request) 0.829 sec
2022-03-31 13:45:37 -  - exec CUpdateClient::UnGzipArchive
2022-03-31 13:45:37 -  - TIME UnGzipArchive 0.249 sec
2022-03-31 13:45:37 -  - exec CUpdateClient::ParseServerData
2022-03-31 13:45:37 - CURV - Update updated successfully!
2022-03-31 13:45:37 - UPD_SUCCESS - Update system updated
2022-03-31 13:45:40 -  - exec CUpdateClient::GetUpdatesList
2022-03-31 13:45:40 -  - exec CUpdateClient::CollectRequestData
2022-03-31 13:45:40 -  - LICENSE_KEY=X&lang=ru&SUPD_VER=21.1200.800&VERSION=21.400.100&TYPENC=D&SUPD_STS=1&SUPD_URS=0&SUPD_DBS=MYSQL&XE=N&CLIENT_SITE=kitchen.local&CHHB=kitchen.local&CSAB=127.0.0.1&SUID=16db102ddc4f46c9c2d9f6805abade50&CANGZIP=Y&CLIENT_PHPVER=7.3.33&stable=Y&mbfo=0&NGINX=Y&SMD=N&rerere=Y&bitm_main=21.400.100&bitm_b24connector=21.0.0&bitm_bitrixcloud=21.0.0&bitm_blog=21.200.0&bitm_clouds=21.100.0&bitm_fileman=21.200.0&bitm_form=21.0.0&bitm_forum=21.100.0&bitm_highloadblock=21.100.0&bitm_iblock=21.400.100&bitm_landing=21.300.300&bitm_messageservice=21.100.0&bitm_mobileapp=21.0.50&bitm_perfmon=21.0.0&bitm_photogallery=21.0.0&bitm_rest=21.200.0&bitm_scale=21.0.0&bitm_search=21.0.100&bitm_security=21.0.0&bitm_seo=21.300.0&bitm_socialservices=21.100.0&bitm_subscribe=21.0.0&bitm_translate=21.100.0&bitm_ui=21.300.0&bitm_vote=21.0.0&bitl_en=&bitl_ru=&SUPD_SRS=RU&SUPD_CMP=N&SALE_15=Y&LICENSE_SIGNED=%7Enew_license18_0_sign-N
2022-03-31 13:45:40 -  - exec CUpdateClient::GetHTTPPage
2022-03-31 13:45:40 -  - TIME GetUpdatesList(request) 0.408 sec
2022-03-31 13:45:40 -  - exec CUpdateClient::ParseServerData
2022-03-31 13:46:27 -  - exec CUpdateClient::GetUpdatesList
2022-03-31 13:46:27 -  - exec CUpdateClient::CollectRequestData
2022-03-31 13:46:27 -  - LICENSE_KEY=X&lang=ru&SUPD_VER=21.1200.800&VERSION=21.400.100&TYPENC=D&SUPD_STS=1&SUPD_URS=0&SUPD_DBS=MYSQL&XE=N&CLIENT_SITE=kitchen.local&CHHB=kitchen.local&CSAB=127.0.0.1&SUID=16db102ddc4f46c9c2d9f6805abade50&CANGZIP=Y&CLIENT_PHPVER=7.4.27&stable=Y&mbfo=0&NGINX=Y&SMD=N&rerere=Y&bitm_main=21.400.100&bitm_b24connector=21.0.0&bitm_bitrixcloud=21.0.0&bitm_blog=21.200.0&bitm_clouds=21.100.0&bitm_fileman=21.200.0&bitm_form=21.0.0&bitm_forum=21.100.0&bitm_highloadblock=21.100.0&bitm_iblock=21.400.100&bitm_landing=21.300.300&bitm_messageservice=21.100.0&bitm_mobileapp=21.0.50&bitm_perfmon=21.0.0&bitm_photogallery=21.0.0&bitm_rest=21.200.0&bitm_scale=21.0.0&bitm_search=21.0.100&bitm_security=21.0.0&bitm_seo=21.300.0&bitm_socialservices=21.100.0&bitm_subscribe=21.0.0&bitm_translate=21.100.0&bitm_ui=21.300.0&bitm_vote=21.0.0&bitl_en=&bitl_ru=&SUPD_SRS=RU&SUPD_CMP=N&SALE_15=Y&LICENSE_SIGNED=%7Enew_license18_0_sign-N
2022-03-31 13:46:27 -  - exec CUpdateClient::GetHTTPPage
2022-03-31 13:46:27 -  - TIME GetUpdatesList(request) 0.333 sec
2022-03-31 13:46:27 -  - exec CUpdateClient::ParseServerData
2022-03-31 13:47:12 -  - exec CUpdateClient::GetUpdatesList
2022-03-31 13:47:12 -  - exec CUpdateClient::CollectRequestData
2022-03-31 13:47:12 -  - LICENSE_KEY=X&lang=ru&SUPD_VER=21.1200.800&VERSION=21.400.100&TYPENC=D&SUPD_STS=1&SUPD_URS=0&SUPD_DBS=MYSQL&XE=N&CLIENT_SITE=kitchen.local&CHHB=kitchen.local&CSAB=127.0.0.1&SUID=16db102ddc4f46c9c2d9f6805abade50&CANGZIP=Y&CLIENT_PHPVER=7.4.27&stable=Y&mbfo=0&NGINX=Y&SMD=N&rerere=Y&bitm_main=21.400.100&bitm_b24connector=21.0.0&bitm_bitrixcloud=21.0.0&bitm_blog=21.200.0&bitm_clouds=21.100.0&bitm_fileman=21.200.0&bitm_form=21.0.0&bitm_forum=21.100.0&bitm_highloadblock=21.100.0&bitm_iblock=21.400.100&bitm_landing=21.300.300&bitm_messageservice=21.100.0&bitm_mobileapp=21.0.50&bitm_perfmon=21.0.0&bitm_photogallery=21.0.0&bitm_rest=21.200.0&bitm_scale=21.0.0&bitm_search=21.0.100&bitm_security=21.0.0&bitm_seo=21.300.0&bitm_socialservices=21.100.0&bitm_subscribe=21.0.0&bitm_translate=21.100.0&bitm_ui=21.300.0&bitm_vote=21.0.0&bitl_en=&bitl_ru=&SUPD_SRS=RU&SUPD_CMP=N&SALE_15=Y&LICENSE_SIGNED=%7Enew_license18_0_sign-N
2022-03-31 13:47:12 -  - exec CUpdateClient::GetHTTPPage
2022-03-31 13:47:13 -  - TIME GetUpdatesList(request) 0.711 sec
2022-03-31 13:47:13 -  - exec CUpdateClient::ParseServerData
